<?xml version="1.0" encoding="UTF-8"?>
<testsuite xmlns:xsi="http://www.w3.org/2001/XMLSchema-instance" xsi:noNamespaceSchemaLocation="https://maven.apache.org/surefire/maven-surefire-plugin/xsd/surefire-test-report.xsd" version="3.0.2" name="com.sd.tp2.TaskServer.TaskServerApplicationTests" time="3.91" tests="1" errors="0" skipped="0" failures="0">
  <properties>
[...]
</properties>
  <testcase name="contextLoads" classname="com.sd.tp2.TaskServer.TaskServerApplicationTests" time="0.882">
    <system-out><![CDATA[12:46:21.023 [main] INFO org.springframework.test.context.support.AnnotationConfigContextLoaderUtils -- Could not detect default configuration classes for test class [com.sd.tp2.TaskServer.TaskServerApplicationTests]: TaskServerApplicationTests does not declare any static, non-private, non-final, nested classes annotated with @Configuration.
12:46:21.157 [main] INFO org.springframework.boot.test.context.SpringBootTestContextBootstrapper -- Found @SpringBootConfiguration com.sd.tp2.TaskServer.TaskServerApplication for test class com.sd.tp2.TaskServer.TaskServerApplicationTests
12:46:21.428 [main] INFO org.springframework.boot.devtools.restart.RestartApplicationListener -- Restart disabled due to context in which it is running

  .   ____          _            __ _ _
 /\\ / ___'_ __ _ _(_)_ __  __ _ \ \ \ \
( ( )\___ | '_ | '_| | '_ \/ _` | \ \ \ \
 \\/  ___)| |_)| | | | | || (_| |  ) ) ) )
  '  |____| .__|_| |_|_| |_\__, | / / / /
 =========|_|==============|___/=/_/_/_/

 :: Spring Boot ::                (v3.4.4)

2025-04-09T12:46:21.821-03:00  INFO 14564 --- [TaskServer] [           main] c.s.t.T.TaskServerApplicationTests       : Starting TaskServerApplicationTests using Java 17.0.10 with PID 14564 (started by Usuario in C:\Users\Usuario\Desktop\universidad martin\CUARTO AÑO\Sistemas distirbuidos y programacion paralela\Trabajos pracitcos repo\SD-2025-Trabajos-Practicos\tp2\TaskServer\TaskServer)
2025-04-09T12:46:21.823-03:00  INFO 14564 --- [TaskServer] [           main] c.s.t.T.TaskServerApplicationTests       : No active profile set, falling back to 1 default profile: "default"
2025-04-09T12:46:23.886-03:00  INFO 14564 --- [TaskServer] [           main] c.s.t.T.TaskServerApplicationTests       : Started TaskServerApplicationTests in 2.475 seconds (process running for 3.768)
]]></system-out>
  </testcase>
</testsuite>