<?xml version="1.0" encoding="UTF-8"?>
<testsuite xmlns:xsi="http://www.w3.org/2001/XMLSchema-instance" xsi:noNamespaceSchemaLocation="https://maven.apache.org/surefire/maven-surefire-plugin/xsd/surefire-test-report.xsd" version="3.0.2" name="com.sd.tp2.Server.ServerApplicationTests" time="6.155" tests="1" errors="0" skipped="0" failures="0">
  <properties>
[...]
</properties>
  <testcase name="contextLoads" classname="com.sd.tp2.Server.ServerApplicationTests" time="1.445">
    <system-out><![CDATA[01:07:18.710 [main] INFO org.springframework.test.context.support.AnnotationConfigContextLoaderUtils -- Could not detect default configuration classes for test class [com.sd.tp2.Server.ServerApplicationTests]: ServerApplicationTests does not declare any static, non-private, non-final, nested classes annotated with @Configuration.
01:07:19.067 [main] INFO org.springframework.boot.test.context.SpringBootTestContextBootstrapper -- Found @SpringBootConfiguration com.sd.tp2.Server.ServerApplication for test class com.sd.tp2.Server.ServerApplicationTests
01:07:19.395 [main] INFO org.springframework.boot.devtools.restart.RestartApplicationListener -- Restart disabled due to context in which it is running

  .   ____          _            __ _ _
 /\\ / ___'_ __ _ _(_)_ __  __ _ \ \ \ \
( ( )\___ | '_ | '_| | '_ \/ _` | \ \ \ \
 \\/  ___)| |_)| | | | | || (_| |  ) ) ) )
  '  |____| .__|_| |_|_| |_\__, | / / / /
 =========|_|==============|___/=/_/_/_/

 :: Spring Boot ::                (v3.4.4)

2025-04-11T01:07:19.894-03:00  INFO 2416 --- [Server] [           main] c.sd.tp2.Server.ServerApplicationTests   : Starting ServerApplicationTests using Java 17.0.10 with PID 2416 (started by Usuario in C:\Users\Usuario\Desktop\universidad martin\CUARTO AÑO\Sistemas distirbuidos y programacion paralela\Trabajos pracitcos repo\SD-2025-Trabajos-Practicos\tp2\Server\Server)
2025-04-11T01:07:19.896-03:00  INFO 2416 --- [Server] [           main] c.sd.tp2.Server.ServerApplicationTests   : No active profile set, falling back to 1 default profile: "default"
2025-04-11T01:07:22.853-03:00  INFO 2416 --- [Server] [           main] o.s.b.a.e.web.EndpointLinksResolver      : Exposing 1 endpoint beneath base path '/actuator'
2025-04-11T01:07:22.922-03:00  INFO 2416 --- [Server] [           main] c.sd.tp2.Server.ServerApplicationTests   : Started ServerApplicationTests in 3.552 seconds (process running for 5.798)
]]></system-out>
  </testcase>
</testsuite>